app/build/intermediates/manifest_merge_blame_file/debug/manifest-merger-blame-debug-report.txt
1<?xml version="1.0" encoding="utf-8"?>
2<manifest xmlns:android="http://schemas.android.com/apk/res/android"
3    package="com.rahul.demo.app"
4    android:versionCode="1"
5    android:versionName="1.0" >
6
7    <uses-sdk
8        android:minSdkVersion="19"
8-->src/main/AndroidManifest.xml
9        android:targetSdkVersion="30" />
9-->src/main/AndroidManifest.xml
10
11    <uses-permission android:name="android.permission.INTERNET" />
11-->src/main/AndroidManifest.xml:6:5-67
11-->src/main/AndroidManifest.xml:6:22-64
12
13    <application
13-->src/main/AndroidManifest.xml:7:5-30:19
14        android:name="com.rahul.demo.app.MyApp"
14-->src/main/AndroidManifest.xml:8:9-30
15        android:allowBackup="false"
15-->src/main/AndroidManifest.xml:9:9-36
16        android:appComponentFactory="androidx.core.app.CoreComponentFactory"
16-->[androidx.core:core:1.5.0] AndroidManifest.xml:24:18-86
17        android:debuggable="true"
18        android:hardwareAccelerated="true"
18-->src/main/AndroidManifest.xml:10:9-43
19        android:icon="@mipmap/ic_launcher"
19-->src/main/AndroidManifest.xml:11:9-43
20        android:label="@string/app_name"
20-->src/main/AndroidManifest.xml:12:9-41
21        android:roundIcon="@mipmap/ic_launcher_round"
21-->src/main/AndroidManifest.xml:13:9-54
22        android:supportsRtl="true"
22-->src/main/AndroidManifest.xml:14:9-35
23        android:theme="@style/AppTheme.NoActionBar"
23-->src/main/AndroidManifest.xml:16:9-52
24        android:usesCleartextTraffic="true" >
24-->src/main/AndroidManifest.xml:15:9-44
25        <activity android:name="com.rahul.demo.app.MainActivity" >
25-->src/main/AndroidManifest.xml:19:9-24:20
25-->src/main/AndroidManifest.xml:19:19-47
26            <intent-filter>
26-->src/main/AndroidManifest.xml:20:13-23:29
27                <action android:name="android.intent.action.MAIN" />
27-->src/main/AndroidManifest.xml:21:17-69
27-->src/main/AndroidManifest.xml:21:25-66
28
29                <category android:name="android.intent.category.LAUNCHER" />
29-->src/main/AndroidManifest.xml:22:17-77
29-->src/main/AndroidManifest.xml:22:27-74
30            </intent-filter>
31        </activity>
32
33        <!-- <activity android:name=".Demo2Activity"> -->
34
35
36        <!-- </activity> -->
37
38    </application>
39
40</manifest>